--------------------------------------------------------------------------------
[Jun 25, 2025 5:12:01.6 PM GMT:ERROR:creative_new_tab_page_ads_util.cc(114)] Successfully saved creative new tab page ads
[Jun 25, 2025 5:12:01.6 PM GMT:ERROR:creative_new_tab_page_ads_util.cc(101)] Successfully saved creative set conversions
--------------------------------------------------------------------------------
[Jun 25, 2025 7:03:01.3 PM GMT:ERROR:creative_new_tab_page_ads_util.cc(114)] Successfully saved creative new tab page ads
[Jun 25, 2025 7:03:01.3 PM GMT:ERROR:creative_new_tab_page_ads_util.cc(101)] Successfully saved creative set conversions
--------------------------------------------------------------------------------
[Jun 25, 2025 7:08:13.4 PM GMT:ERROR:creative_new_tab_page_ads_util.cc(114)] Successfully saved creative new tab page ads
[Jun 25, 2025 7:08:13.4 PM GMT:ERROR:creative_new_tab_page_ads_util.cc(101)] Successfully saved creative set conversions
--------------------------------------------------------------------------------
[Jun 25, 2025 7:08:41.1 PM GMT:ERROR:creative_new_tab_page_ads_util.cc(114)] Successfully saved creative new tab page ads
[Jun 25, 2025 7:08:41.1 PM GMT:ERROR:creative_new_tab_page_ads_util.cc(101)] Successfully saved creative set conversions
--------------------------------------------------------------------------------
[Jun 25, 2025 7:09:02.8 PM GMT:ERROR:creative_new_tab_page_ads_util.cc(114)] Successfully saved creative new tab page ads
[Jun 25, 2025 7:09:02.8 PM GMT:ERROR:creative_new_tab_page_ads_util.cc(101)] Successfully saved creative set conversions
--------------------------------------------------------------------------------
[Jun 26, 2025 2:57:40.8 PM GMT:ERROR:creative_new_tab_page_ads_util.cc(114)] Successfully saved creative new tab page ads
[Jun 26, 2025 2:57:40.8 PM GMT:ERROR:creative_new_tab_page_ads_util.cc(101)] Successfully saved creative set conversions
[Jun 26, 2025 2:57:40.9 PM GMT:ERROR:creative_new_tab_page_ads_util.cc(114)] Successfully saved creative new tab page ads
[Jun 26, 2025 2:57:40.9 PM GMT:ERROR:creative_new_tab_page_ads_util.cc(101)] Successfully saved creative set conversions
--------------------------------------------------------------------------------
[Jun 26, 2025 5:18:07.4 PM GMT:ERROR:creative_new_tab_page_ads_util.cc(114)] Successfully saved creative new tab page ads
[Jun 26, 2025 5:18:07.4 PM GMT:ERROR:creative_new_tab_page_ads_util.cc(101)] Successfully saved creative set conversions
--------------------------------------------------------------------------------
[Jun 26, 2025 5:18:18.1 PM GMT:ERROR:creative_new_tab_page_ads_util.cc(114)] Successfully saved creative new tab page ads
[Jun 26, 2025 5:18:18.1 PM GMT:ERROR:creative_new_tab_page_ads_util.cc(101)] Successfully saved creative set conversions
--------------------------------------------------------------------------------
[Jun 26, 2025 5:18:24.7 PM GMT:ERROR:creative_new_tab_page_ads_util.cc(114)] Successfully saved creative new tab page ads
[Jun 26, 2025 5:18:24.7 PM GMT:ERROR:creative_new_tab_page_ads_util.cc(101)] Successfully saved creative set conversions
--------------------------------------------------------------------------------
[Jun 26, 2025 5:29:48.9 PM GMT:ERROR:creative_new_tab_page_ads_util.cc(114)] Successfully saved creative new tab page ads
[Jun 26, 2025 5:29:48.9 PM GMT:ERROR:creative_new_tab_page_ads_util.cc(101)] Successfully saved creative set conversions
[Jun 27, 2025 2:48:23.1 AM GMT:ERROR:search_result_ad_event_handler.cc(238)] Failed to fire search result ad kServedImpression event for placement_id d0918b2d-a5ea-4a5c-a3a1-7fcb6ea56438 and creative instance id cb7f1f11-b415-4da3-8f2c-847e2e0a27ef
[Jun 27, 2025 3:28:01.2 PM GMT:ERROR:creative_new_tab_page_ads_util.cc(114)] Successfully saved creative new tab page ads
[Jun 27, 2025 3:28:01.2 PM GMT:ERROR:creative_new_tab_page_ads_util.cc(101)] Successfully saved creative set conversions
--------------------------------------------------------------------------------
[Jun 28, 2025 3:30:03.8 AM GMT:ERROR:creative_new_tab_page_ads_util.cc(114)] Successfully saved creative new tab page ads
[Jun 28, 2025 3:30:03.8 AM GMT:ERROR:creative_new_tab_page_ads_util.cc(101)] Successfully saved creative set conversions
[Jun 28, 2025 3:30:03.8 AM GMT:ERROR:creative_new_tab_page_ads_util.cc(114)] Successfully saved creative new tab page ads
[Jun 28, 2025 3:30:03.8 AM GMT:ERROR:creative_new_tab_page_ads_util.cc(101)] Successfully saved creative set conversions
--------------------------------------------------------------------------------
[Jun 28, 2025 8:09:46.6 PM GMT:ERROR:creative_new_tab_page_ads_util.cc(114)] Successfully saved creative new tab page ads
[Jun 28, 2025 8:09:46.6 PM GMT:ERROR:creative_new_tab_page_ads_util.cc(101)] Successfully saved creative set conversions
--------------------------------------------------------------------------------
[Jun 29, 2025 1:37:14.6 PM GMT:ERROR:creative_new_tab_page_ads_util.cc(114)] Successfully saved creative new tab page ads
[Jun 29, 2025 1:37:14.6 PM GMT:ERROR:creative_new_tab_page_ads_util.cc(101)] Successfully saved creative set conversions
[Jun 29, 2025 1:37:14.6 PM GMT:ERROR:creative_new_tab_page_ads_util.cc(114)] Successfully saved creative new tab page ads
[Jun 29, 2025 1:37:14.6 PM GMT:ERROR:creative_new_tab_page_ads_util.cc(101)] Successfully saved creative set conversions
[Jun 29, 2025 2:55:53.1 PM GMT:ERROR:search_result_ad_event_handler.cc(238)] Failed to fire search result ad kServedImpression event for placement_id 3a7c3bf2-e535-4f9e-97f2-678b19081aba and creative instance id bddd7ad0-40cb-4786-b765-c68fa2235d42
[Jun 29, 2025 4:29:34.6 PM GMT:ERROR:search_result_ad_event_handler.cc(238)] Failed to fire search result ad kServedImpression event for placement_id db382863-f565-477e-ab8f-cdf66225bb4a and creative instance id b42dd0f5-7c48-4703-a087-03aa66c886c8
[Jun 29, 2025 4:31:13.2 PM GMT:ERROR:search_result_ad_event_handler.cc(238)] Failed to fire search result ad kServedImpression event for placement_id f3e4843b-e01f-41cd-a420-dd5744b69ba4 and creative instance id a8e8704d-db01-4ddb-9c81-41db55c5d0fd
[Jun 29, 2025 9:16:09.9 PM GMT:ERROR:search_result_ad_event_handler.cc(238)] Failed to fire search result ad kServedImpression event for placement_id 5bb6407c-39ae-408f-a0ce-46c191d03c04 and creative instance id 14f90366-06c2-400a-9ad8-f65cd6b91cf3
[Jul 01, 2025 2:17:04.1 PM GMT:ERROR:creative_new_tab_page_ads_util.cc(114)] Successfully saved creative new tab page ads
[Jul 01, 2025 2:17:04.1 PM GMT:ERROR:creative_new_tab_page_ads_util.cc(101)] Successfully saved creative set conversions
--------------------------------------------------------------------------------
[Jul 01, 2025 5:58:27.3 PM GMT:ERROR:creative_new_tab_page_ads_util.cc(114)] Successfully saved creative new tab page ads
[Jul 01, 2025 5:58:27.3 PM GMT:ERROR:creative_new_tab_page_ads_util.cc(101)] Successfully saved creative set conversions
[Jul 02, 2025 3:45:48.0 AM GMT:ERROR:creative_new_tab_page_ads_util.cc(114)] Successfully saved creative new tab page ads
[Jul 02, 2025 3:45:48.0 AM GMT:ERROR:creative_new_tab_page_ads_util.cc(101)] Successfully saved creative set conversions
--------------------------------------------------------------------------------
[Jul 02, 2025 3:53:50.0 AM GMT:ERROR:creative_new_tab_page_ads_util.cc(123)] Successfully saved creative new tab page ads
[Jul 02, 2025 3:53:50.0 AM GMT:ERROR:creative_new_tab_page_ads_util.cc(108)] Successfully saved creative set conversions
--------------------------------------------------------------------------------
[Jul 02, 2025 4:16:45.0 AM GMT:ERROR:creative_new_tab_page_ads_util.cc(123)] Successfully saved creative new tab page ads
[Jul 02, 2025 4:16:45.0 AM GMT:ERROR:creative_new_tab_page_ads_util.cc(108)] Successfully saved creative set conversions
--------------------------------------------------------------------------------
[Jul 02, 2025 4:54:35.2 AM GMT:ERROR:creative_new_tab_page_ads_util.cc(123)] Successfully saved creative new tab page ads
[Jul 02, 2025 4:54:35.2 AM GMT:ERROR:creative_new_tab_page_ads_util.cc(108)] Successfully saved creative set conversions
--------------------------------------------------------------------------------
[Jul 02, 2025 11:54:26.9 AM GMT:ERROR:creative_new_tab_page_ads_util.cc(123)] Successfully saved creative new tab page ads
[Jul 02, 2025 11:54:26.9 AM GMT:ERROR:creative_new_tab_page_ads_util.cc(108)] Successfully saved creative set conversions
[Jul 02, 2025 3:35:44.0 PM GMT:ERROR:search_result_ad_event_handler.cc(238)] Failed to fire search result ad kServedImpression event for placement_id 913a8f94-0102-427b-a298-6bcab18a93b1 and creative instance id 253bf9bc-5ecb-48ec-bd15-5c9dff9d228a
--------------------------------------------------------------------------------
[Jul 03, 2025 1:46:04.2 AM GMT:ERROR:creative_new_tab_page_ads_util.cc(123)] Successfully saved creative new tab page ads
[Jul 03, 2025 1:46:04.2 AM GMT:ERROR:creative_new_tab_page_ads_util.cc(108)] Successfully saved creative set conversions
--------------------------------------------------------------------------------
[Jul 03, 2025 1:49:06.4 AM GMT:ERROR:creative_new_tab_page_ads_util.cc(123)] Successfully saved creative new tab page ads
[Jul 03, 2025 1:49:06.4 AM GMT:ERROR:creative_new_tab_page_ads_util.cc(108)] Successfully saved creative set conversions
--------------------------------------------------------------------------------
[Jul 03, 2025 1:51:22.1 AM GMT:ERROR:creative_new_tab_page_ads_util.cc(123)] Successfully saved creative new tab page ads
[Jul 03, 2025 1:51:22.1 AM GMT:ERROR:creative_new_tab_page_ads_util.cc(108)] Successfully saved creative set conversions
--------------------------------------------------------------------------------
[Jul 03, 2025 1:56:48.0 AM GMT:ERROR:creative_new_tab_page_ads_util.cc(123)] Successfully saved creative new tab page ads
[Jul 03, 2025 1:56:48.0 AM GMT:ERROR:creative_new_tab_page_ads_util.cc(108)] Successfully saved creative set conversions
[Jul 03, 2025 3:20:04.8 PM GMT:ERROR:creative_new_tab_page_ads_util.cc(123)] Successfully saved creative new tab page ads
[Jul 03, 2025 3:20:04.8 PM GMT:ERROR:creative_new_tab_page_ads_util.cc(108)] Successfully saved creative set conversions
[Jul 03, 2025 10:51:55.5 PM GMT:ERROR:search_result_ad_event_handler.cc(238)] Failed to fire search result ad kServedImpression event for placement_id d46117e7-3468-4d38-b629-342b286871ee and creative instance id 5d0a0501-7292-4e26-96f3-2252119679ae
[Jul 03, 2025 11:02:34.2 PM GMT:ERROR:search_result_ad_event_handler.cc(238)] Failed to fire search result ad kServedImpression event for placement_id d33e1732-f8ec-4107-8d21-0d53c3a95867 and creative instance id 42faa2c7-8b94-4f8f-9f68-158bc5f8b4ba
--------------------------------------------------------------------------------
[Jul 03, 2025 11:56:59.6 PM GMT:ERROR:creative_new_tab_page_ads_util.cc(123)] Successfully saved creative new tab page ads
[Jul 03, 2025 11:56:59.6 PM GMT:ERROR:creative_new_tab_page_ads_util.cc(108)] Successfully saved creative set conversions
--------------------------------------------------------------------------------
[Aug 04, 2025 3:17:23.1 AM GMT:ERROR:creative_new_tab_page_ads_util.cc(123)] Successfully saved creative new tab page ads
[Aug 04, 2025 3:17:23.1 AM GMT:ERROR:creative_new_tab_page_ads_util.cc(108)] Successfully saved creative set conversions
[Aug 04, 2025 3:17:23.1 AM GMT:ERROR:creative_new_tab_page_ads_util.cc(123)] Successfully saved creative new tab page ads
[Aug 04, 2025 3:17:23.1 AM GMT:ERROR:creative_new_tab_page_ads_util.cc(108)] Successfully saved creative set conversions
[Aug 04, 2025 12:42:10.5 PM GMT:ERROR:search_result_ad_event_handler.cc(238)] Failed to fire search result ad kServedImpression event for placement_id 359fa7cd-8f1a-4bbe-bd83-97275751e7e4 and creative instance id 0db36130-d437-4044-8649-d6fd43821594
[Aug 04, 2025 12:48:29.4 PM GMT:ERROR:search_result_ad_event_handler.cc(238)] Failed to fire search result ad kServedImpression event for placement_id e23cff9c-6378-4b8b-a38e-1f6ee7a54d75 and creative instance id 6727a73f-ede6-4aac-91ce-47b1ed24e07c
[Aug 04, 2025 1:03:09.1 PM GMT:ERROR:search_result_ad_event_handler.cc(238)] Failed to fire search result ad kServedImpression event for placement_id c3c57144-88df-4616-9f8c-27472a9e555f and creative instance id 6727a73f-ede6-4aac-91ce-47b1ed24e07c
[Aug 04, 2025 1:04:01.4 PM GMT:ERROR:search_result_ad_event_handler.cc(238)] Failed to fire search result ad kServedImpression event for placement_id a83964c2-1c29-40a7-8feb-8aa9aa3f3734 and creative instance id 6727a73f-ede6-4aac-91ce-47b1ed24e07c
[Aug 04, 2025 1:26:57.6 PM GMT:ERROR:search_result_ad_event_handler.cc(238)] Failed to fire search result ad kServedImpression event for placement_id 919030ee-555f-4cd7-9e22-05711dadb6ff and creative instance id 6727a73f-ede6-4aac-91ce-47b1ed24e07c
[Aug 04, 2025 4:27:48.7 PM GMT:ERROR:search_result_ad_event_handler.cc(238)] Failed to fire search result ad kServedImpression event for placement_id ae66c166-0a15-4e06-be27-f03e7d8c5b29 and creative instance id 253bf9bc-5ecb-48ec-bd15-5c9dff9d228a
[Aug 04, 2025 4:31:28.3 PM GMT:ERROR:search_result_ad_event_handler.cc(238)] Failed to fire search result ad kServedImpression event for placement_id a0187f6e-c8da-489f-ba7b-2e7f7cc994fd and creative instance id 253bf9bc-5ecb-48ec-bd15-5c9dff9d228a
[Aug 04, 2025 4:40:14.7 PM GMT:ERROR:search_result_ad_event_handler.cc(238)] Failed to fire search result ad kServedImpression event for placement_id b8fb35ed-c883-4d93-ae37-70e64d38368f and creative instance id 253bf9bc-5ecb-48ec-bd15-5c9dff9d228a
[Aug 04, 2025 4:48:44.4 PM GMT:ERROR:search_result_ad_event_handler.cc(238)] Failed to fire search result ad kServedImpression event for placement_id 5acd927f-f4c9-4b5d-909b-81b6a36bacce and creative instance id 253bf9bc-5ecb-48ec-bd15-5c9dff9d228a
[Aug 04, 2025 4:56:53.6 PM GMT:ERROR:search_result_ad_event_handler.cc(238)] Failed to fire search result ad kServedImpression event for placement_id f7877af2-717b-48f2-a519-1ac0fdc127b8 and creative instance id ab13aaf2-2edd-45cb-b077-5a1e28603b51
[Aug 04, 2025 4:58:35.7 PM GMT:ERROR:search_result_ad_event_handler.cc(238)] Failed to fire search result ad kServedImpression event for placement_id aebb00f0-97ad-4ff3-9b2b-6f97a14a7749 and creative instance id ab13aaf2-2edd-45cb-b077-5a1e28603b51
[Aug 04, 2025 5:11:38.7 PM GMT:ERROR:search_result_ad_event_handler.cc(238)] Failed to fire search result ad kServedImpression event for placement_id 3131f477-a813-452e-88df-14417ffa44da and creative instance id 253bf9bc-5ecb-48ec-bd15-5c9dff9d228a
[Aug 04, 2025 5:12:29.4 PM GMT:ERROR:search_result_ad_event_handler.cc(238)] Failed to fire search result ad kServedImpression event for placement_id 1a212f26-54ad-4afd-9e93-3b38ac09d4bc and creative instance id 253bf9bc-5ecb-48ec-bd15-5c9dff9d228a
[Aug 04, 2025 5:13:06.9 PM GMT:ERROR:search_result_ad_event_handler.cc(238)] Failed to fire search result ad kServedImpression event for placement_id 5c322223-6e51-49c0-846e-df94428c388c and creative instance id 6727a73f-ede6-4aac-91ce-47b1ed24e07c
[Aug 04, 2025 5:36:00.2 PM GMT:ERROR:search_result_ad_event_handler.cc(238)] Failed to fire search result ad kServedImpression event for placement_id f442971a-f4b3-4516-aa2f-3cbeccf02776 and creative instance id 6727a73f-ede6-4aac-91ce-47b1ed24e07c
[Aug 04, 2025 5:40:14.5 PM GMT:ERROR:search_result_ad_event_handler.cc(238)] Failed to fire search result ad kServedImpression event for placement_id 72531459-21dc-466b-9fff-21541ab3e5dc and creative instance id 5b1e253f-8898-4c2a-bb97-0a2cc8d7b41a
[Aug 04, 2025 5:40:36.1 PM GMT:ERROR:search_result_ad_event_handler.cc(238)] Failed to fire search result ad kServedImpression event for placement_id a935b563-7e8b-4292-9b58-eebaf1a53250 and creative instance id 5b1e253f-8898-4c2a-bb97-0a2cc8d7b41a
[Aug 04, 2025 6:43:57.8 PM GMT:ERROR:search_result_ad_event_handler.cc(238)] Failed to fire search result ad kServedImpression event for placement_id 57eb3427-673c-46a4-ad96-60b5de8c0799 and creative instance id 253bf9bc-5ecb-48ec-bd15-5c9dff9d228a
[Aug 05, 2025 10:52:22.2 AM GMT:ERROR:creative_new_tab_page_ads_util.cc(123)] Successfully saved creative new tab page ads
[Aug 05, 2025 10:52:22.2 AM GMT:ERROR:creative_new_tab_page_ads_util.cc(108)] Successfully saved creative set conversions
--------------------------------------------------------------------------------
[Aug 05, 2025 4:51:34.3 PM GMT:ERROR:creative_new_tab_page_ads_util.cc(123)] Successfully saved creative new tab page ads
[Aug 05, 2025 4:51:34.3 PM GMT:ERROR:creative_new_tab_page_ads_util.cc(108)] Successfully saved creative set conversions
[Aug 05, 2025 5:38:54.3 PM GMT:ERROR:search_result_ad_event_handler.cc(238)] Failed to fire search result ad kServedImpression event for placement_id 4f511dac-7beb-4636-bb19-7cdc6ec6585e and creative instance id 6727a73f-ede6-4aac-91ce-47b1ed24e07c
[Aug 05, 2025 6:22:14.9 PM GMT:ERROR:search_result_ad_event_handler.cc(238)] Failed to fire search result ad kServedImpression event for placement_id 3711bb67-dbdf-4696-8e90-4726be638765 and creative instance id 253bf9bc-5ecb-48ec-bd15-5c9dff9d228a
[Aug 05, 2025 8:15:04.4 PM GMT:ERROR:search_result_ad_event_handler.cc(238)] Failed to fire search result ad kServedImpression event for placement_id b17ca4d5-5266-41e6-b04f-d1f9f1b32d5f and creative instance id da191691-eee7-463d-9e1c-c6d2d852d096
[Aug 05, 2025 8:47:22.4 PM GMT:ERROR:search_result_ad_event_handler.cc(238)] Failed to fire search result ad kServedImpression event for placement_id f2abc8b7-c43b-4737-b65a-b6efcc57fdea and creative instance id 6d6d787b-f6f9-4c77-b107-b072bd954cc8
[Aug 06, 2025 11:11:37.0 AM GMT:ERROR:creative_new_tab_page_ads_util.cc(123)] Successfully saved creative new tab page ads
[Aug 06, 2025 11:11:37.0 AM GMT:ERROR:creative_new_tab_page_ads_util.cc(108)] Successfully saved creative set conversions
[Aug 08, 2025 10:39:24.2 AM GMT:ERROR:creative_new_tab_page_ads_util.cc(123)] Successfully saved creative new tab page ads
[Aug 08, 2025 10:39:24.2 AM GMT:ERROR:creative_new_tab_page_ads_util.cc(108)] Successfully saved creative set conversions
--------------------------------------------------------------------------------
[Aug 08, 2025 10:55:10.6 AM GMT:ERROR:creative_new_tab_page_ads_util.cc(123)] Successfully saved creative new tab page ads
[Aug 08, 2025 10:55:10.6 AM GMT:ERROR:creative_new_tab_page_ads_util.cc(108)] Successfully saved creative set conversions
[Aug 08, 2025 10:55:20.5 AM GMT:ERROR:search_result_ad_event_handler.cc(238)] Failed to fire search result ad kServedImpression event for placement_id 5ae52efc-0a10-466b-9859-1f344b0fe211 and creative instance id 6727a73f-ede6-4aac-91ce-47b1ed24e07c
--------------------------------------------------------------------------------
[Aug 09, 2025 1:34:57.4 PM GMT:ERROR:creative_new_tab_page_ads_util.cc(123)] Successfully saved creative new tab page ads
[Aug 09, 2025 1:34:57.4 PM GMT:ERROR:creative_new_tab_page_ads_util.cc(108)] Successfully saved creative set conversions
[Aug 09, 2025 1:34:57.4 PM GMT:ERROR:creative_new_tab_page_ads_util.cc(123)] Successfully saved creative new tab page ads
[Aug 09, 2025 1:34:57.4 PM GMT:ERROR:creative_new_tab_page_ads_util.cc(108)] Successfully saved creative set conversions
--------------------------------------------------------------------------------
[Aug 09, 2025 1:54:07.8 PM GMT:ERROR:creative_new_tab_page_ads_util.cc(123)] Successfully saved creative new tab page ads
[Aug 09, 2025 1:54:07.8 PM GMT:ERROR:creative_new_tab_page_ads_util.cc(108)] Successfully saved creative set conversions
[Aug 09, 2025 4:04:14.6 PM GMT:ERROR:search_result_ad_event_handler.cc(238)] Failed to fire search result ad kServedImpression event for placement_id 2c20c795-a19a-41bb-b6a5-8c1aeebf9820 and creative instance id 253bf9bc-5ecb-48ec-bd15-5c9dff9d228a
[Aug 10, 2025 1:41:41.0 PM GMT:ERROR:creative_new_tab_page_ads_util.cc(123)] Successfully saved creative new tab page ads
[Aug 10, 2025 1:41:41.0 PM GMT:ERROR:creative_new_tab_page_ads_util.cc(108)] Successfully saved creative set conversions
[Aug 10, 2025 1:41:55.7 PM GMT:ERROR:search_result_ad_event_handler.cc(238)] Failed to fire search result ad kServedImpression event for placement_id 97ea0054-9fbe-41b3-859c-32d944a3e644 and creative instance id 253bf9bc-5ecb-48ec-bd15-5c9dff9d228a
--------------------------------------------------------------------------------
[Aug 11, 2025 1:15:46.4 AM GMT:ERROR:creative_new_tab_page_ads_util.cc(123)] Successfully saved creative new tab page ads
[Aug 11, 2025 1:15:46.4 AM GMT:ERROR:creative_new_tab_page_ads_util.cc(108)] Successfully saved creative set conversions
--------------------------------------------------------------------------------
[Aug 11, 2025 1:20:31.1 AM GMT:ERROR:creative_new_tab_page_ads_util.cc(123)] Successfully saved creative new tab page ads
[Aug 11, 2025 1:20:31.1 AM GMT:ERROR:creative_new_tab_page_ads_util.cc(108)] Successfully saved creative set conversions
--------------------------------------------------------------------------------
[Aug 11, 2025 10:49:30.2 AM GMT:ERROR:creative_new_tab_page_ads_util.cc(123)] Successfully saved creative new tab page ads
[Aug 11, 2025 10:49:30.2 AM GMT:ERROR:creative_new_tab_page_ads_util.cc(108)] Successfully saved creative set conversions
[Aug 11, 2025 10:49:30.2 AM GMT:ERROR:creative_new_tab_page_ads_util.cc(123)] Successfully saved creative new tab page ads
[Aug 11, 2025 10:49:30.2 AM GMT:ERROR:creative_new_tab_page_ads_util.cc(108)] Successfully saved creative set conversions
[Aug 12, 2025 12:16:14.1 PM GMT:ERROR:creative_new_tab_page_ads_util.cc(123)] Successfully saved creative new tab page ads
[Aug 12, 2025 12:16:14.1 PM GMT:ERROR:creative_new_tab_page_ads_util.cc(108)] Successfully saved creative set conversions
[Aug 12, 2025 12:32:47.6 PM GMT:ERROR:search_result_ad_event_handler.cc(238)] Failed to fire search result ad kServedImpression event for placement_id 13adddfe-5edd-4377-abc2-6afaeef579ca and creative instance id d850b60c-7a80-45d5-b219-9bd4244a2c6e
--------------------------------------------------------------------------------
[Aug 12, 2025 4:22:05.7 PM GMT:ERROR:creative_new_tab_page_ads_util.cc(123)] Successfully saved creative new tab page ads
[Aug 12, 2025 4:22:05.7 PM GMT:ERROR:creative_new_tab_page_ads_util.cc(108)] Successfully saved creative set conversions
--------------------------------------------------------------------------------
[Aug 13, 2025 12:44:59.2 PM GMT:ERROR:creative_new_tab_page_ads_util.cc(123)] Successfully saved creative new tab page ads
[Aug 13, 2025 12:44:59.2 PM GMT:ERROR:creative_new_tab_page_ads_util.cc(108)] Successfully saved creative set conversions
[Aug 13, 2025 12:44:59.2 PM GMT:ERROR:creative_new_tab_page_ads_util.cc(123)] Successfully saved creative new tab page ads
[Aug 13, 2025 12:44:59.2 PM GMT:ERROR:creative_new_tab_page_ads_util.cc(108)] Successfully saved creative set conversions
--------------------------------------------------------------------------------
[Aug 27, 2025 9:32:19.0 PM GMT:ERROR:creative_new_tab_page_ads_util.cc(123)] Successfully saved creative new tab page ads
[Aug 27, 2025 9:32:19.0 PM GMT:ERROR:creative_new_tab_page_ads_util.cc(108)] Successfully saved creative set conversions
[Aug 27, 2025 9:32:19.0 PM GMT:ERROR:creative_new_tab_page_ads_util.cc(123)] Successfully saved creative new tab page ads
[Aug 27, 2025 9:32:19.0 PM GMT:ERROR:creative_new_tab_page_ads_util.cc(108)] Successfully saved creative set conversions
--------------------------------------------------------------------------------
[Aug 27, 2025 9:32:35.6 PM GMT:ERROR:creative_new_tab_page_ads_util.cc(123)] Successfully saved creative new tab page ads
[Aug 27, 2025 9:32:35.6 PM GMT:ERROR:creative_new_tab_page_ads_util.cc(108)] Successfully saved creative set conversions
--------------------------------------------------------------------------------
[Aug 27, 2025 9:32:41.1 PM GMT:ERROR:creative_new_tab_page_ads_util.cc(123)] Successfully saved creative new tab page ads
[Aug 27, 2025 9:32:41.1 PM GMT:ERROR:creative_new_tab_page_ads_util.cc(108)] Successfully saved creative set conversions
[Aug 29, 2025 1:18:36.3 AM GMT:ERROR:creative_new_tab_page_ads_util.cc(123)] Successfully saved creative new tab page ads
[Aug 29, 2025 1:18:36.3 AM GMT:ERROR:creative_new_tab_page_ads_util.cc(108)] Successfully saved creative set conversions
--------------------------------------------------------------------------------
[Aug 29, 2025 9:38:58.3 PM GMT:ERROR:creative_new_tab_page_ads_util.cc(123)] Successfully saved creative new tab page ads
[Aug 29, 2025 9:38:58.3 PM GMT:ERROR:creative_new_tab_page_ads_util.cc(108)] Successfully saved creative set conversions
[Aug 29, 2025 9:38:58.3 PM GMT:ERROR:creative_new_tab_page_ads_util.cc(123)] Successfully saved creative new tab page ads
[Aug 29, 2025 9:38:58.3 PM GMT:ERROR:creative_new_tab_page_ads_util.cc(108)] Successfully saved creative set conversions
--------------------------------------------------------------------------------
[Aug 29, 2025 9:49:20.6 PM GMT:ERROR:creative_new_tab_page_ads_util.cc(123)] Successfully saved creative new tab page ads
[Aug 29, 2025 9:49:20.6 PM GMT:ERROR:creative_new_tab_page_ads_util.cc(108)] Successfully saved creative set conversions
--------------------------------------------------------------------------------
[Aug 30, 2025 1:34:27.2 PM GMT:ERROR:creative_new_tab_page_ads_util.cc(123)] Successfully saved creative new tab page ads
[Aug 30, 2025 1:34:27.2 PM GMT:ERROR:creative_new_tab_page_ads_util.cc(108)] Successfully saved creative set conversions
[Aug 30, 2025 1:34:27.2 PM GMT:ERROR:creative_new_tab_page_ads_util.cc(123)] Successfully saved creative new tab page ads
[Aug 30, 2025 1:34:27.2 PM GMT:ERROR:creative_new_tab_page_ads_util.cc(108)] Successfully saved creative set conversions
--------------------------------------------------------------------------------
[Aug 30, 2025 3:10:43.1 PM GMT:ERROR:creative_new_tab_page_ads_util.cc(123)] Successfully saved creative new tab page ads
[Aug 30, 2025 3:10:43.1 PM GMT:ERROR:creative_new_tab_page_ads_util.cc(108)] Successfully saved creative set conversions
--------------------------------------------------------------------------------
[Aug 30, 2025 3:13:58.8 PM GMT:ERROR:creative_new_tab_page_ads_util.cc(123)] Successfully saved creative new tab page ads
[Aug 30, 2025 3:13:58.8 PM GMT:ERROR:creative_new_tab_page_ads_util.cc(108)] Successfully saved creative set conversions
[Aug 31, 2025 2:07:52.9 PM GMT:ERROR:creative_new_tab_page_ads_util.cc(123)] Successfully saved creative new tab page ads
[Aug 31, 2025 2:07:52.9 PM GMT:ERROR:creative_new_tab_page_ads_util.cc(108)] Successfully saved creative set conversions
[Aug 31, 2025 3:06:01.9 PM GMT:ERROR:search_result_ad_event_handler.cc(238)] Failed to fire search result ad kServedImpression event for placement_id e03d81cb-c476-4bac-bf09-acda9dc53cfe and creative instance id 94779e94-2e89-47e4-b715-c089eab59e6e
[Aug 31, 2025 4:39:47.5 PM GMT:ERROR:search_result_ad_event_handler.cc(238)] Failed to fire search result ad kServedImpression event for placement_id 3b4f0608-8408-4e49-9d6c-44185add5e57 and creative instance id 253bf9bc-5ecb-48ec-bd15-5c9dff9d228a
--------------------------------------------------------------------------------
[Aug 31, 2025 11:46:54.0 PM GMT:ERROR:creative_new_tab_page_ads_util.cc(123)] Successfully saved creative new tab page ads
[Aug 31, 2025 11:46:54.0 PM GMT:ERROR:creative_new_tab_page_ads_util.cc(108)] Successfully saved creative set conversions
[Aug 31, 2025 11:47:07.2 PM GMT:ERROR:search_result_ad_event_handler.cc(238)] Failed to fire search result ad kServedImpression event for placement_id 14d1bf40-439b-42ea-ae13-0e735fb050d8 and creative instance id 253bf9bc-5ecb-48ec-bd15-5c9dff9d228a
--------------------------------------------------------------------------------
[Aug 31, 2025 11:50:54.2 PM GMT:ERROR:creative_new_tab_page_ads_util.cc(123)] Successfully saved creative new tab page ads
[Aug 31, 2025 11:50:54.2 PM GMT:ERROR:creative_new_tab_page_ads_util.cc(108)] Successfully saved creative set conversions
[Aug 31, 2025 11:51:08.6 PM GMT:ERROR:search_result_ad_event_handler.cc(238)] Failed to fire search result ad kServedImpression event for placement_id 14d1bf40-439b-42ea-ae13-0e735fb050d8 and creative instance id 253bf9bc-5ecb-48ec-bd15-5c9dff9d228a
--------------------------------------------------------------------------------
[Aug 31, 2025 11:55:00.0 PM GMT:ERROR:creative_new_tab_page_ads_util.cc(123)] Successfully saved creative new tab page ads
[Aug 31, 2025 11:55:00.1 PM GMT:ERROR:creative_new_tab_page_ads_util.cc(108)] Successfully saved creative set conversions
[Aug 31, 2025 11:55:12.2 PM GMT:ERROR:search_result_ad_event_handler.cc(238)] Failed to fire search result ad kServedImpression event for placement_id 14d1bf40-439b-42ea-ae13-0e735fb050d8 and creative instance id 253bf9bc-5ecb-48ec-bd15-5c9dff9d228a
--------------------------------------------------------------------------------
[Sep 01, 2025 12:51:39.7 AM GMT:ERROR:creative_new_tab_page_ads_util.cc(123)] Successfully saved creative new tab page ads
[Sep 01, 2025 12:51:39.7 AM GMT:ERROR:creative_new_tab_page_ads_util.cc(108)] Successfully saved creative set conversions
[Sep 01, 2025 12:51:58.3 AM GMT:ERROR:search_result_ad_event_handler.cc(238)] Failed to fire search result ad kServedImpression event for placement_id 14d1bf40-439b-42ea-ae13-0e735fb050d8 and creative instance id 253bf9bc-5ecb-48ec-bd15-5c9dff9d228a
--------------------------------------------------------------------------------
[Sep 01, 2025 12:52:21.8 AM GMT:ERROR:creative_new_tab_page_ads_util.cc(123)] Successfully saved creative new tab page ads
[Sep 01, 2025 12:52:21.8 AM GMT:ERROR:creative_new_tab_page_ads_util.cc(108)] Successfully saved creative set conversions
[Sep 01, 2025 12:52:42.7 AM GMT:ERROR:search_result_ad_event_handler.cc(238)] Failed to fire search result ad kServedImpression event for placement_id 14d1bf40-439b-42ea-ae13-0e735fb050d8 and creative instance id 253bf9bc-5ecb-48ec-bd15-5c9dff9d228a
[Sep 01, 2025 3:21:25.1 AM GMT:ERROR:creative_new_tab_page_ads_util.cc(123)] Successfully saved creative new tab page ads
[Sep 01, 2025 3:21:25.1 AM GMT:ERROR:creative_new_tab_page_ads_util.cc(108)] Successfully saved creative set conversions
--------------------------------------------------------------------------------
[Sep 01, 2025 4:45:55.7 AM GMT:ERROR:creative_new_tab_page_ads_util.cc(123)] Successfully saved creative new tab page ads
[Sep 01, 2025 4:45:55.7 AM GMT:ERROR:creative_new_tab_page_ads_util.cc(108)] Successfully saved creative set conversions
--------------------------------------------------------------------------------
[Sep 01, 2025 12:33:04.9 PM GMT:ERROR:creative_new_tab_page_ads_util.cc(123)] Successfully saved creative new tab page ads
[Sep 01, 2025 12:33:04.9 PM GMT:ERROR:creative_new_tab_page_ads_util.cc(108)] Successfully saved creative set conversions
[Sep 01, 2025 7:43:29.1 PM GMT:ERROR:search_result_ad_event_handler.cc(238)] Failed to fire search result ad kServedImpression event for placement_id fff6f198-3ff4-4ba5-a087-f17ae7fe8556 and creative instance id 253bf9bc-5ecb-48ec-bd15-5c9dff9d228a
