ERROR 2025-09-01T18:45:27.900+00:00 ThreadId(1) [1P:foundation/op-log/src/lib.rs:684] tracing WAS NOT installed
ERROR 2025-09-01T18:45:27.906+00:00 ThreadId(1) [1P:op-settings/src/store/json_store.rs:82] Os { code: 2, kind: NotFound, message: "No such file or directory" }
INFO  2025-09-01T18:45:27.906+00:00 ThreadId(1) [1P:op-settings/src/store/json_store.rs:118] Settings file "/home/<redacted-username>/.config/1Password/settings/settings.json" missing, using defaults.
INFO  2025-09-01T18:45:27.912+00:00 ThreadId(1) [client:typescript] Client starting.
ERROR 2025-09-01T18:45:28.372+00:00 ThreadId(1) [1P:op-crash-reporting/src/crash_report.rs:157] Failed to load crash reports from disk: Os { code: 2, kind: NotFound, message: "No such file or directory" }
INFO  2025-09-01T18:45:28.385+00:00 ThreadId(1) [1P:op-crash-reporting/src/crash_handler.rs:276] Started crash handler thread
INFO  2025-09-01T18:45:28.386+00:00 ThreadId(1) [1P:op-localization/src/lib.rs:239] system locale detected as 'en-US'
INFO  2025-09-01T18:45:28.387+00:00 ThreadId(1) [1P:op-localization/src/lib.rs:265] selected translations for EN_US based on detected locale en-US
INFO  2025-09-01T18:45:28.387+00:00 ThreadId(1) [status:app/op-app/src/app.rs:996] App::new(1Password for Linux/81108039 (EN_US), /home/<redacted-username>/.config/1Password)
INFO  2025-09-01T18:45:28.400+00:00 ThreadId(1) [1P:data/op-db/src/common/mod.rs:148] Core DB Table Integrity Check Succeeded
INFO  2025-09-01T18:45:28.400+00:00 ThreadId(1) [1P:data/op-db/src/common/mod.rs:162] Core DB Integrity Check Succeeded
INFO  2025-09-01T18:45:28.400+00:00 ThreadId(1) [1P:data/op-db/src/core_db/db.rs:142] Starting Core DB at version: 0
INFO  2025-09-01T18:45:28.400+00:00 ThreadId(1) [1P:data/op-db/src/core_db/db.rs:160] Database is being created at '/home/<redacted-username>/.config/1Password/1password.sqlite' (sqlite: 3050002)
INFO  2025-09-01T18:45:28.405+00:00 ThreadId(1) [1P:data/op-db/src/core_db/db.rs:559] Updated DB Schema to version 001
INFO  2025-09-01T18:45:28.407+00:00 ThreadId(1) [1P:data/op-db/src/core_db/db.rs:583] Updated DB Schema to version 002
INFO  2025-09-01T18:45:28.411+00:00 ThreadId(1) [1P:data/op-db/src/core_db/db.rs:595] Updated DB Schema to version 003
INFO  2025-09-01T18:45:28.413+00:00 ThreadId(1) [1P:data/op-db/src/core_db/db.rs:611] Updated DB Schema to version 005
INFO  2025-09-01T18:45:28.415+00:00 ThreadId(1) [1P:data/op-db/src/core_db/db.rs:627] Updated DB Schema to version 006
INFO  2025-09-01T18:45:28.417+00:00 ThreadId(1) [1P:data/op-db/src/core_db/db.rs:641] Updated DB Schema to version 007
INFO  2025-09-01T18:45:28.419+00:00 ThreadId(1) [1P:data/op-db/src/core_db/db.rs:655] Updated DB Schema to version 008
INFO  2025-09-01T18:45:28.421+00:00 ThreadId(1) [1P:data/op-db/src/core_db/db.rs:669] Updated DB Schema to version 009
INFO  2025-09-01T18:45:28.425+00:00 ThreadId(1) [1P:data/op-db/src/core_db/db.rs:683] Updated DB Schema to version 011
INFO  2025-09-01T18:45:28.425+00:00 ThreadId(1) [1P:data/op-db/src/core_db/db.rs:698] Updated DB Schema to version 012
INFO  2025-09-01T18:45:28.529+00:00 ThreadId(1) [1P:data/op-db/src/core_db/db.rs:712] Updated DB Schema to version 013
INFO  2025-09-01T18:45:28.531+00:00 ThreadId(1) [1P:data/op-db/src/core_db/db.rs:726] Updated DB Schema to version 014
INFO  2025-09-01T18:45:28.533+00:00 ThreadId(1) [1P:data/op-db/src/core_db/db.rs:740] Updated DB Schema to version 015
INFO  2025-09-01T18:45:28.537+00:00 ThreadId(1) [1P:data/op-db/src/core_db/db.rs:754] Updated DB Schema to version 016
INFO  2025-09-01T18:45:28.541+00:00 ThreadId(1) [1P:data/op-db/src/core_db/db.rs:768] Updated DB Schema to version 017
INFO  2025-09-01T18:45:28.543+00:00 ThreadId(1) [1P:data/op-db/src/core_db/db.rs:782] Updated DB Schema to version 018
INFO  2025-09-01T18:45:28.546+00:00 ThreadId(1) [1P:data/op-db/src/core_db/db.rs:796] Updated DB Schema to version 019
INFO  2025-09-01T18:45:28.551+00:00 ThreadId(1) [1P:data/op-db/src/core_db/db.rs:913] Updated DB Schema to version 021
INFO  2025-09-01T18:45:28.553+00:00 ThreadId(1) [1P:data/op-db/src/core_db/db.rs:927] Updated DB Schema to version 022
INFO  2025-09-01T18:45:28.555+00:00 ThreadId(1) [1P:data/op-db/src/core_db/db.rs:941] Updated DB Schema to version 023
INFO  2025-09-01T18:45:28.557+00:00 ThreadId(1) [1P:data/op-db/src/core_db/db.rs:955] Updated DB Schema to version 024
INFO  2025-09-01T18:45:28.559+00:00 ThreadId(1) [1P:data/op-db/src/core_db/db.rs:969] Updated DB Schema to version 025
INFO  2025-09-01T18:45:28.561+00:00 ThreadId(1) [1P:data/op-db/src/core_db/db.rs:1085] Updated DB Schema to version 026
INFO  2025-09-01T18:45:28.563+00:00 ThreadId(1) [1P:data/op-db/src/core_db/db.rs:1099] Updated DB Schema to version 027
INFO  2025-09-01T18:45:28.565+00:00 ThreadId(1) [1P:data/op-db/src/core_db/db.rs:1113] Updated DB Schema to version 028
INFO  2025-09-01T18:45:28.567+00:00 ThreadId(1) [1P:data/op-db/src/core_db/db.rs:1127] Updated DB Schema to version 029
INFO  2025-09-01T18:45:28.569+00:00 ThreadId(1) [1P:data/op-db/src/core_db/db.rs:1141] Updated DB Schema to version 030
INFO  2025-09-01T18:45:28.571+00:00 ThreadId(1) [1P:data/op-db/src/core_db/db.rs:1154] Updated DB Schema to version 031
INFO  2025-09-01T18:45:28.573+00:00 ThreadId(1) [1P:data/op-db/src/core_db/db.rs:1167] Updated DB Schema to version 032
INFO  2025-09-01T18:45:28.575+00:00 ThreadId(1) [1P:data/op-db/src/core_db/db.rs:1180] Updated DB Schema to version 033
INFO  2025-09-01T18:45:28.577+00:00 ThreadId(1) [1P:data/op-db/src/core_db/db.rs:1193] Updated DB Schema to version 034
INFO  2025-09-01T18:45:28.579+00:00 ThreadId(1) [1P:data/op-db/src/core_db/db.rs:1206] Updated DB Schema to version 035
INFO  2025-09-01T18:45:28.581+00:00 ThreadId(1) [1P:data/op-db/src/core_db/db.rs:1219] Updated DB Schema to version 036
INFO  2025-09-01T18:45:28.583+00:00 ThreadId(1) [1P:data/op-db/src/core_db/db.rs:1232] Updated DB Schema to version 037
INFO  2025-09-01T18:45:28.585+00:00 ThreadId(1) [1P:data/op-db/src/core_db/db.rs:1245] Updated DB Schema to version 038
INFO  2025-09-01T18:45:28.587+00:00 ThreadId(1) [1P:data/op-db/src/core_db/db.rs:1257] Updated DB Schema to version 039
INFO  2025-09-01T18:45:28.589+00:00 ThreadId(1) [1P:data/op-db/src/core_db/db.rs:1270] Updated DB Schema to version 040
INFO  2025-09-01T18:45:28.591+00:00 ThreadId(1) [1P:data/op-db/src/core_db/db.rs:1283] Updated DB Schema to version 041
INFO  2025-09-01T18:45:28.593+00:00 ThreadId(1) [1P:data/op-db/src/core_db/db.rs:1296] Updated DB Schema to version 042
INFO  2025-09-01T18:45:28.595+00:00 ThreadId(1) [1P:data/op-db/src/core_db/db.rs:1309] Updated DB Schema to version 043
INFO  2025-09-01T18:45:28.597+00:00 ThreadId(1) [1P:data/op-db/src/core_db/db.rs:1325] Updated DB Schema to version 044
INFO  2025-09-01T18:45:28.599+00:00 ThreadId(1) [1P:data/op-db/src/core_db/db.rs:1338] Updated DB Schema to version 045
INFO  2025-09-01T18:45:28.601+00:00 ThreadId(1) [1P:data/op-db/src/core_db/db.rs:1351] Updated DB Schema to version 046
INFO  2025-09-01T18:45:28.609+00:00 ThreadId(1) [1P:data/op-db/src/common/mod.rs:148] Resources DB Table Integrity Check Succeeded
INFO  2025-09-01T18:45:28.609+00:00 ThreadId(1) [1P:data/op-db/src/common/mod.rs:162] Resources DB Integrity Check Succeeded
INFO  2025-09-01T18:45:28.609+00:00 ThreadId(1) [1P:data/op-db/src/resources_db/db.rs:107] Starting Resources DB at version: 0
INFO  2025-09-01T18:45:28.609+00:00 ThreadId(1) [1P:data/op-db/src/resources_db/db.rs:119] Resources Database is being created at '/home/<redacted-username>/.config/1Password/1password_resources.sqlite' (sqlite: 3050002)
INFO  2025-09-01T18:45:28.613+00:00 ThreadId(1) [1P:data/op-db/src/resources_db/db.rs:217] Updated DB Schema to version 001
ERROR 2025-09-01T18:45:28.622+00:00 ThreadId(1) [1P:/builds/dev/core/core/ssh/op-ssh-config/src/lib.rs:251] Failed to start ssh config file watcher: Io(Os { code: 2, kind: NotFound, message: "No such file or directory" })
INFO  2025-09-01T18:45:28.631+00:00 ThreadId(1) [1P:native-messaging/op-nm-installer/src/nix_utils.rs:48] Creating manifest directory for Chromium at /home/<redacted-username>/.config/google-chrome/NativeMessagingHosts
INFO  2025-09-01T18:45:28.632+00:00 ThreadId(1) [1P:native-messaging/op-nm-installer/src/nix_utils.rs:68] Created NMH manifest at /home/<redacted-username>/.config/google-chrome/NativeMessagingHosts/com.1password.1password.json
INFO  2025-09-01T18:45:28.632+00:00 ThreadId(1) [1P:native-messaging/op-nm-installer/src/nix_utils.rs:48] Creating manifest directory for Chromium at /home/<redacted-username>/.config/google-chrome-beta/NativeMessagingHosts
INFO  2025-09-01T18:45:28.632+00:00 ThreadId(1) [1P:native-messaging/op-nm-installer/src/nix_utils.rs:68] Created NMH manifest at /home/<redacted-username>/.config/google-chrome-beta/NativeMessagingHosts/com.1password.1password.json
INFO  2025-09-01T18:45:28.632+00:00 ThreadId(1) [1P:native-messaging/op-nm-installer/src/nix_utils.rs:48] Creating manifest directory for Chromium at /home/<redacted-username>/.config/google-chrome-unstable/NativeMessagingHosts
INFO  2025-09-01T18:45:28.632+00:00 ThreadId(1) [1P:native-messaging/op-nm-installer/src/nix_utils.rs:68] Created NMH manifest at /home/<redacted-username>/.config/google-chrome-unstable/NativeMessagingHosts/com.1password.1password.json
INFO  2025-09-01T18:45:28.632+00:00 ThreadId(1) [1P:native-messaging/op-nm-installer/src/nix_utils.rs:48] Creating manifest directory for Chromium at /home/<redacted-username>/.config/chromium/NativeMessagingHosts
INFO  2025-09-01T18:45:28.632+00:00 ThreadId(1) [1P:native-messaging/op-nm-installer/src/nix_utils.rs:68] Created NMH manifest at /home/<redacted-username>/.config/chromium/NativeMessagingHosts/com.1password.1password.json
INFO  2025-09-01T18:45:28.632+00:00 ThreadId(1) [1P:native-messaging/op-nm-installer/src/nix_utils.rs:48] Creating manifest directory for Chromium at /home/<redacted-username>/.config/microsoft-edge-dev/NativeMessagingHosts
INFO  2025-09-01T18:45:28.632+00:00 ThreadId(1) [1P:native-messaging/op-nm-installer/src/nix_utils.rs:68] Created NMH manifest at /home/<redacted-username>/.config/microsoft-edge-dev/NativeMessagingHosts/com.1password.1password.json
INFO  2025-09-01T18:45:28.632+00:00 ThreadId(1) [1P:native-messaging/op-nm-installer/src/nix_utils.rs:68] Created NMH manifest at /home/<redacted-username>/.config/BraveSoftware/Brave-Browser/NativeMessagingHosts/com.1password.1password.json
INFO  2025-09-01T18:45:28.632+00:00 ThreadId(1) [1P:native-messaging/op-nm-installer/src/nix_utils.rs:48] Creating manifest directory for Chromium at /home/<redacted-username>/.config/vivaldi/NativeMessagingHosts
INFO  2025-09-01T18:45:28.632+00:00 ThreadId(1) [1P:native-messaging/op-nm-installer/src/nix_utils.rs:68] Created NMH manifest at /home/<redacted-username>/.config/vivaldi/NativeMessagingHosts/com.1password.1password.json
INFO  2025-09-01T18:45:28.632+00:00 ThreadId(1) [1P:native-messaging/op-nm-installer/src/nix_utils.rs:48] Creating manifest directory for Chromium at /home/<redacted-username>/.config/vivaldi-snapshot/NativeMessagingHosts
INFO  2025-09-01T18:45:28.632+00:00 ThreadId(1) [1P:native-messaging/op-nm-installer/src/nix_utils.rs:68] Created NMH manifest at /home/<redacted-username>/.config/vivaldi-snapshot/NativeMessagingHosts/com.1password.1password.json
INFO  2025-09-01T18:45:28.632+00:00 ThreadId(1) [1P:native-messaging/op-nm-installer/src/nix_utils.rs:48] Creating manifest directory for Firefox at /home/<redacted-username>/.mozilla/native-messaging-hosts
INFO  2025-09-01T18:45:28.632+00:00 ThreadId(1) [1P:native-messaging/op-nm-installer/src/nix_utils.rs:68] Created NMH manifest at /home/<redacted-username>/.mozilla/native-messaging-hosts/com.1password.1password.json
INFO  2025-09-01T18:45:28.632+00:00 ThreadId(1) [1P:native-messaging/op-nm-installer/src/nix_utils.rs:83] Successfully installed all native messaging manifests.
INFO  2025-09-01T18:45:28.634+00:00 runtime-worker(ThreadId(17)) [1P:op-global-shortcuts/src/node.rs:38] Global shortcut registration is not available on this system.
INFO  2025-09-01T18:45:28.634+00:00 runtime-worker(ThreadId(14)) [1P:op-global-shortcuts/src/node.rs:38] Global shortcut registration is not available on this system.
INFO  2025-09-01T18:45:28.634+00:00 runtime-worker(ThreadId(16)) [1P:native-messaging/op-nm-installer/src/nix_utils.rs:68] Created NMH manifest at /home/<redacted-username>/.config/google-chrome/NativeMessagingHosts/com.1password.1password.json
INFO  2025-09-01T18:45:28.634+00:00 runtime-worker(ThreadId(16)) [1P:native-messaging/op-nm-installer/src/nix_utils.rs:68] Created NMH manifest at /home/<redacted-username>/.config/google-chrome-beta/NativeMessagingHosts/com.1password.1password.json
INFO  2025-09-01T18:45:28.634+00:00 runtime-worker(ThreadId(16)) [1P:native-messaging/op-nm-installer/src/nix_utils.rs:68] Created NMH manifest at /home/<redacted-username>/.config/google-chrome-unstable/NativeMessagingHosts/com.1password.1password.json
INFO  2025-09-01T18:45:28.634+00:00 runtime-worker(ThreadId(16)) [1P:native-messaging/op-nm-installer/src/nix_utils.rs:68] Created NMH manifest at /home/<redacted-username>/.config/chromium/NativeMessagingHosts/com.1password.1password.json
INFO  2025-09-01T18:45:28.634+00:00 runtime-worker(ThreadId(16)) [1P:native-messaging/op-nm-installer/src/nix_utils.rs:68] Created NMH manifest at /home/<redacted-username>/.config/microsoft-edge-dev/NativeMessagingHosts/com.1password.1password.json
INFO  2025-09-01T18:45:28.635+00:00 runtime-worker(ThreadId(16)) [1P:native-messaging/op-nm-installer/src/nix_utils.rs:68] Created NMH manifest at /home/<redacted-username>/.config/BraveSoftware/Brave-Browser/NativeMessagingHosts/com.1password.1password.json
INFO  2025-09-01T18:45:28.635+00:00 runtime-worker(ThreadId(16)) [1P:native-messaging/op-nm-installer/src/nix_utils.rs:68] Created NMH manifest at /home/<redacted-username>/.config/vivaldi/NativeMessagingHosts/com.1password.1password.json
INFO  2025-09-01T18:45:28.635+00:00 runtime-worker(ThreadId(16)) [1P:native-messaging/op-nm-installer/src/nix_utils.rs:68] Created NMH manifest at /home/<redacted-username>/.config/vivaldi-snapshot/NativeMessagingHosts/com.1password.1password.json
INFO  2025-09-01T18:45:28.635+00:00 runtime-worker(ThreadId(16)) [1P:native-messaging/op-nm-installer/src/nix_utils.rs:68] Created NMH manifest at /home/<redacted-username>/.mozilla/native-messaging-hosts/com.1password.1password.json
INFO  2025-09-01T18:45:28.635+00:00 runtime-worker(ThreadId(16)) [1P:native-messaging/op-nm-installer/src/nix_utils.rs:83] Successfully installed all native messaging manifests.
ERROR 2025-09-01T18:45:28.642+00:00 runtime-worker(ThreadId(12)) [1P:native-messaging/op-native-core-integration/src/lib.rs:548] Listener on SETTING_STATUS has been dropped, unable to communicate changes made to browser SLS setting
INFO  2025-09-01T18:45:28.642+00:00 runtime-worker(ThreadId(15)) [1P:native-messaging/op-native-core-integration/src/lib.rs:350] Starting IPC listener on 1Password-BrowserSupport
INFO  2025-09-01T18:45:28.643+00:00 runtime-worker(ThreadId(15)) [1P:native-messaging/op-native-core-integration/src/lib.rs:362] Active native core integration is awaiting messages
ERROR 2025-09-01T18:45:28.643+00:00 ThreadId(1) [1P:ffi/op-core-node/src/lib.rs:554] Io(Os { code: 2, kind: NotFound, message: "No such file or directory" })
INFO  2025-09-01T18:45:28.652+00:00 runtime-worker(ThreadId(15)) [1P:ssh/op-agent-controller/src/lib.rs:575] Starting filesystem watcher for SSH agent configuration directories...
ERROR 2025-09-01T18:45:28.653+00:00 runtime-worker(ThreadId(15)) [1P:/builds/dev/core/core/ssh/op-agent-controller/src/lib.rs:576] Io(Os { code: 2, kind: NotFound, message: "No such file or directory" })
INFO  2025-09-01T18:45:28.681+00:00 runtime-worker(ThreadId(11)) [1P:native-messaging/op-native-core-integration/src/lib.rs:387] Extension connecting.
ERROR 2025-09-01T18:45:28.698+00:00 runtime-worker(ThreadId(3)) [1P:app/op-app/src/app/backend/native_messaging/oph_integration/mod.rs:32] Unlock requested but there are no signed in accounts to unlock.
ERROR 2025-09-01T18:45:28.736+00:00 ThreadId(1) [client:typescript] Could not load window state.
INFO  2025-09-01T18:45:33.329+00:00 runtime-worker(ThreadId(15)) [1P:app/op-app/src/app/backend/mycelium/unauthorized_device_start.rs:93] MYCELIUM UNAUTHORIZED DEVICE FORWARD FLOW SIGN-IN -- starting new sign-in session
INFO  2025-09-01T18:45:33.329+00:00 runtime-worker(ThreadId(15)) [1P:foundation/op-feature-gate/src/feature_store.rs:939] MYCELIUM PRE-REGISTRATION FLAGS: Reading forward flag value as true
INFO  2025-09-01T18:45:33.329+00:00 runtime-worker(ThreadId(15)) [1P:app/op-app/src/app/backend/task_handle.rs:48] Starting mycelium-active-sign-in task
INFO  2025-09-01T18:45:33.330+00:00 runtime-worker(ThreadId(15)) [1P:app/op-app/src/app/backend/mycelium/unauthorized_device_start.rs:275] MYCELIUM UNAUTHORIZED DEVICE FORWARD FLOW SIGN-IN -- starting channel create loop
INFO  2025-09-01T18:45:33.561+00:00 runtime-worker(ThreadId(3)) [1P:app/op-app/src/app/backend/mycelium/unauthorized_device_start.rs:292] MYCELIUM UNAUTHORIZED DEVICE FORWARD FLOW SIGN-IN -- created Mycelium channel on region code Com
INFO  2025-09-01T18:46:01.171+00:00 runtime-worker(ThreadId(3)) [1P:app/op-app/src/app/backend/mycelium/unauthorized_device_start.rs:337] MYCELIUM UNAUTHORIZED DEVICE FORWARD FLOW SIGN-IN -- XG5YOVIRUFDNZ4QYKVKBIE6NT4 channel connected
INFO  2025-09-01T18:46:05.307+00:00 runtime-worker(ThreadId(3)) [1P:app/op-app/src/app/backend/mycelium/unauthorized_device_start.rs:232] MYCELIUM UNAUTHORIZED DEVICE FORWARD FLOW SIGN-IN -- allow device prompt accepted and credentials successfully received
INFO  2025-09-01T18:46:05.309+00:00 runtime-worker(ThreadId(11)) [1P:native-messaging/op-nm-settings/src/lib.rs:190] Account len modified 0 vs 1
INFO  2025-09-01T18:46:05.309+00:00 runtime-worker(ThreadId(11)) [1P:native-messaging/op-native-core-integration/src/lib.rs:376] Setting has been toggled on/off, restarting native core integration
INFO  2025-09-01T18:46:05.309+00:00 runtime-worker(ThreadId(13)) [1P:native-messaging/op-nm-settings/src/lib.rs:147] Initial account added, defining default SLS state
INFO  2025-09-01T18:46:05.309+00:00 runtime-worker(ThreadId(11)) [1P:native-messaging/op-native-core-integration/src/lib.rs:307] Mute native core integration is waiting for Shared Lock State to be enabled
ERROR 2025-09-01T18:46:05.309+00:00 runtime-worker(ThreadId(11)) [1P:native-messaging/op-native-core-integration/src/connection_handler.rs:57] Dropping connection with b5x due to error handling outgoing message: EndConnection
INFO  2025-09-01T18:46:05.309+00:00 runtime-worker(ThreadId(12)) [1P:native-messaging/op-nm-installer/src/nix_utils.rs:104] Removed NMH manifest at /home/<redacted-username>/.config/google-chrome/NativeMessagingHosts/com.1password.1password.json
INFO  2025-09-01T18:46:05.309+00:00 runtime-worker(ThreadId(12)) [1P:native-messaging/op-nm-installer/src/nix_utils.rs:104] Removed NMH manifest at /home/<redacted-username>/.config/google-chrome-beta/NativeMessagingHosts/com.1password.1password.json
INFO  2025-09-01T18:46:05.309+00:00 runtime-worker(ThreadId(12)) [1P:native-messaging/op-nm-installer/src/nix_utils.rs:104] Removed NMH manifest at /home/<redacted-username>/.config/google-chrome-unstable/NativeMessagingHosts/com.1password.1password.json
INFO  2025-09-01T18:46:05.309+00:00 runtime-worker(ThreadId(12)) [1P:native-messaging/op-nm-installer/src/nix_utils.rs:104] Removed NMH manifest at /home/<redacted-username>/.config/chromium/NativeMessagingHosts/com.1password.1password.json
INFO  2025-09-01T18:46:05.309+00:00 runtime-worker(ThreadId(12)) [1P:native-messaging/op-nm-installer/src/nix_utils.rs:104] Removed NMH manifest at /home/<redacted-username>/.config/microsoft-edge-dev/NativeMessagingHosts/com.1password.1password.json
INFO  2025-09-01T18:46:05.309+00:00 runtime-worker(ThreadId(12)) [1P:native-messaging/op-nm-installer/src/nix_utils.rs:104] Removed NMH manifest at /home/<redacted-username>/.config/BraveSoftware/Brave-Browser/NativeMessagingHosts/com.1password.1password.json
INFO  2025-09-01T18:46:05.309+00:00 runtime-worker(ThreadId(12)) [1P:native-messaging/op-nm-installer/src/nix_utils.rs:104] Removed NMH manifest at /home/<redacted-username>/.config/vivaldi/NativeMessagingHosts/com.1password.1password.json
INFO  2025-09-01T18:46:05.309+00:00 runtime-worker(ThreadId(12)) [1P:native-messaging/op-nm-installer/src/nix_utils.rs:104] Removed NMH manifest at /home/<redacted-username>/.config/vivaldi-snapshot/NativeMessagingHosts/com.1password.1password.json
INFO  2025-09-01T18:46:05.309+00:00 runtime-worker(ThreadId(12)) [1P:native-messaging/op-nm-installer/src/nix_utils.rs:104] Removed NMH manifest at /home/<redacted-username>/.mozilla/native-messaging-hosts/com.1password.1password.json
INFO  2025-09-01T18:46:05.309+00:00 runtime-worker(ThreadId(12)) [1P:native-messaging/op-nm-installer/src/nix_utils.rs:124] Removed 9 Native Messaging Host manifests
INFO  2025-09-01T18:46:05.639+00:00 runtime-worker(ThreadId(13)) [1P:data/op-add-account/src/first_sync.rs:551] starting initial account sync
INFO  2025-09-01T18:46:06.359+00:00 runtime-worker(ThreadId(17)) [1P:data/op-syncer/src/sync_job.rs:454] synced account HERUZQCGDBDPHLCWSETRGIQCTI (0.61923051s)
INFO  2025-09-01T18:46:06.369+00:00 runtime-worker(ThreadId(17)) [1P:/builds/dev/core/core/data/ext/op-account-ext-settings-authentication/src/lib.rs:242] loaded settings authentication key: none
INFO  2025-09-01T18:46:06.370+00:00 runtime-worker(ThreadId(3)) [1P:data/ext/op-account-ext-items/src/lib.rs:270] loaded 0 items in 4 vaults for account: HERUZQCGDBDPHLCWSETRGIQCTI
INFO  2025-09-01T18:46:06.370+00:00 runtime-worker(ThreadId(13)) [1P:app/op-app/src/app/backend/mycelium/shared.rs:533] Mycelium Sign-in succeeded
INFO  2025-09-01T18:46:06.370+00:00 runtime-worker(ThreadId(14)) [1P:service/op-service-sync/src/lib.rs:159] starting refresher task during initial account sign-in
INFO  2025-09-01T18:46:06.370+00:00 runtime-worker(ThreadId(12)) [1P:op-telemetry/src/middleware/opt_state.rs:122] op-telemetry: account uuid 'HERUZQCGDBDPHLCWSETRGIQCTI' changed telemetry state to Decided(Out)
INFO  2025-09-01T18:46:06.370+00:00 runtime-worker(ThreadId(13)) [1P:app/op-app/src/app/backend/task_handle.rs:39] Finished mycelium-active-sign-in task
ERROR 2025-09-01T18:46:06.370+00:00 runtime-worker(ThreadId(11)) [1P:/builds/dev/core/core/app/op-app/src/app/components/policies.rs:54] Failed to get PolicyAuthenticationKey from any account
ERROR 2025-09-01T18:46:06.372+00:00 runtime-worker(ThreadId(13)) [1P:op-auto-lock/src/linux.rs:220] Could not connect to the X server: XcbEventError
INFO  2025-09-01T18:46:06.372+00:00 runtime-worker(ThreadId(13)) [1P:data/ext/op-account-ext-settings-authentication/src/lib.rs:364] No and/or corrupt account setting authentication key, generating a new one.
INFO  2025-09-01T18:46:06.372+00:00 runtime-worker(ThreadId(13)) [1P:data/ext/op-account-ext-settings-authentication/src/lib.rs:388] applying setting authentication key (aad660360431f56e) to account (HERUZQCGDBDPHLCWSETRGIQCTI).
INFO  2025-09-01T18:46:06.372+00:00 runtime-worker(ThreadId(13)) [1P:op-settings/src/store/json_store.rs:787] initializing settings authentication with key aad660360431f56e
INFO  2025-09-01T18:46:06.372+00:00 runtime-worker(ThreadId(16)) [1P:app/op-app/src/app/backend/unlock.rs:190] Lock state changed: Unlocked
ERROR 2025-09-01T18:46:06.372+00:00 runtime-worker(ThreadId(11)) [1P:op-settings/src/store/json_store.rs:82] Os { code: 2, kind: NotFound, message: "No such file or directory" }
INFO  2025-09-01T18:46:06.372+00:00 runtime-worker(ThreadId(16)) [1P:app/op-app/src/app/backend/essential_setup.rs:190] SLS Migration Result: Performed
INFO  2025-09-01T18:46:06.372+00:00 runtime-worker(ThreadId(13)) [1P:op-settings/src/store/json_store.rs:118] Settings file "/home/<redacted-username>/.config/1Password/settings/settings.json" missing, using defaults.
INFO  2025-09-01T18:46:06.373+00:00 runtime-worker(ThreadId(11)) [1P:op-settings/src/store/json_store.rs:75] Settings file created @ 2025-09-01 18:46:06.371951589 UTC and last modified @ 2025-09-01 18:46:06.371951589 UTC
INFO  2025-09-01T18:46:06.373+00:00 runtime-worker(ThreadId(11)) [1P:native-messaging/op-native-core-integration/src/lib.rs:313] Setting has been toggled on/off, restarting native core integration
INFO  2025-09-01T18:46:06.373+00:00 runtime-worker(ThreadId(11)) [1P:native-messaging/op-native-core-integration/src/lib.rs:350] Starting IPC listener on 1Password-BrowserSupport
INFO  2025-09-01T18:46:06.373+00:00 runtime-worker(ThreadId(16)) [1P:native-messaging/op-native-core-integration/src/lib.rs:362] Active native core integration is awaiting messages
INFO  2025-09-01T18:46:06.373+00:00 runtime-worker(ThreadId(16)) [1P:op-settings/src/store/json_store.rs:75] Settings file created @ 2025-09-01 18:46:06.371951589 UTC and last modified @ 2025-09-01 18:46:06.372951576 UTC
INFO  2025-09-01T18:46:06.373+00:00 runtime-worker(ThreadId(16)) [1P:native-messaging/op-native-core-integration/src/lib.rs:376] Setting has been toggled on/off, restarting native core integration
INFO  2025-09-01T18:46:06.373+00:00 runtime-worker(ThreadId(16)) [1P:native-messaging/op-native-core-integration/src/lib.rs:350] Starting IPC listener on 1Password-BrowserSupport
INFO  2025-09-01T18:46:06.373+00:00 runtime-worker(ThreadId(3)) [1P:native-messaging/op-nm-installer/src/nix_utils.rs:68] Created NMH manifest at /home/<redacted-username>/.config/google-chrome/NativeMessagingHosts/com.1password.1password.json
INFO  2025-09-01T18:46:06.373+00:00 runtime-worker(ThreadId(11)) [1P:op-settings/src/store/json_store.rs:75] Settings file created @ 2025-09-01 18:46:06.371951589 UTC and last modified @ 2025-09-01 18:46:06.372951576 UTC
INFO  2025-09-01T18:46:06.373+00:00 runtime-worker(ThreadId(3)) [1P:native-messaging/op-nm-installer/src/nix_utils.rs:68] Created NMH manifest at /home/<redacted-username>/.config/google-chrome-beta/NativeMessagingHosts/com.1password.1password.json
INFO  2025-09-01T18:46:06.373+00:00 runtime-worker(ThreadId(13)) [1P:native-messaging/op-native-core-integration/src/lib.rs:362] Active native core integration is awaiting messages
INFO  2025-09-01T18:46:06.373+00:00 runtime-worker(ThreadId(3)) [1P:native-messaging/op-nm-installer/src/nix_utils.rs:68] Created NMH manifest at /home/<redacted-username>/.config/google-chrome-unstable/NativeMessagingHosts/com.1password.1password.json
INFO  2025-09-01T18:46:06.373+00:00 runtime-worker(ThreadId(3)) [1P:native-messaging/op-nm-installer/src/nix_utils.rs:68] Created NMH manifest at /home/<redacted-username>/.config/chromium/NativeMessagingHosts/com.1password.1password.json
INFO  2025-09-01T18:46:06.373+00:00 runtime-worker(ThreadId(3)) [1P:native-messaging/op-nm-installer/src/nix_utils.rs:68] Created NMH manifest at /home/<redacted-username>/.config/microsoft-edge-dev/NativeMessagingHosts/com.1password.1password.json
INFO  2025-09-01T18:46:06.373+00:00 runtime-worker(ThreadId(3)) [1P:native-messaging/op-nm-installer/src/nix_utils.rs:68] Created NMH manifest at /home/<redacted-username>/.config/BraveSoftware/Brave-Browser/NativeMessagingHosts/com.1password.1password.json
INFO  2025-09-01T18:46:06.373+00:00 runtime-worker(ThreadId(3)) [1P:native-messaging/op-nm-installer/src/nix_utils.rs:68] Created NMH manifest at /home/<redacted-username>/.config/vivaldi/NativeMessagingHosts/com.1password.1password.json
INFO  2025-09-01T18:46:06.373+00:00 runtime-worker(ThreadId(3)) [1P:native-messaging/op-nm-installer/src/nix_utils.rs:68] Created NMH manifest at /home/<redacted-username>/.config/vivaldi-snapshot/NativeMessagingHosts/com.1password.1password.json
INFO  2025-09-01T18:46:06.374+00:00 runtime-worker(ThreadId(3)) [1P:native-messaging/op-nm-installer/src/nix_utils.rs:68] Created NMH manifest at /home/<redacted-username>/.mozilla/native-messaging-hosts/com.1password.1password.json
INFO  2025-09-01T18:46:06.374+00:00 runtime-worker(ThreadId(3)) [1P:native-messaging/op-nm-installer/src/nix_utils.rs:83] Successfully installed all native messaging manifests.
INFO  2025-09-01T18:46:06.374+00:00 runtime-worker(ThreadId(3)) [1P:native-messaging/op-nm-installer/src/nix_utils.rs:68] Created NMH manifest at /home/<redacted-username>/.config/google-chrome/NativeMessagingHosts/com.1password.1password.json
INFO  2025-09-01T18:46:06.374+00:00 runtime-worker(ThreadId(3)) [1P:native-messaging/op-nm-installer/src/nix_utils.rs:68] Created NMH manifest at /home/<redacted-username>/.config/google-chrome-beta/NativeMessagingHosts/com.1password.1password.json
INFO  2025-09-01T18:46:06.374+00:00 runtime-worker(ThreadId(3)) [1P:native-messaging/op-nm-installer/src/nix_utils.rs:68] Created NMH manifest at /home/<redacted-username>/.config/google-chrome-unstable/NativeMessagingHosts/com.1password.1password.json
INFO  2025-09-01T18:46:06.374+00:00 runtime-worker(ThreadId(3)) [1P:native-messaging/op-nm-installer/src/nix_utils.rs:68] Created NMH manifest at /home/<redacted-username>/.config/chromium/NativeMessagingHosts/com.1password.1password.json
INFO  2025-09-01T18:46:06.374+00:00 runtime-worker(ThreadId(3)) [1P:native-messaging/op-nm-installer/src/nix_utils.rs:68] Created NMH manifest at /home/<redacted-username>/.config/microsoft-edge-dev/NativeMessagingHosts/com.1password.1password.json
INFO  2025-09-01T18:46:06.374+00:00 runtime-worker(ThreadId(3)) [1P:native-messaging/op-nm-installer/src/nix_utils.rs:68] Created NMH manifest at /home/<redacted-username>/.config/BraveSoftware/Brave-Browser/NativeMessagingHosts/com.1password.1password.json
INFO  2025-09-01T18:46:06.375+00:00 runtime-worker(ThreadId(3)) [1P:native-messaging/op-nm-installer/src/nix_utils.rs:68] Created NMH manifest at /home/<redacted-username>/.config/vivaldi/NativeMessagingHosts/com.1password.1password.json
INFO  2025-09-01T18:46:06.375+00:00 runtime-worker(ThreadId(3)) [1P:native-messaging/op-nm-installer/src/nix_utils.rs:68] Created NMH manifest at /home/<redacted-username>/.config/vivaldi-snapshot/NativeMessagingHosts/com.1password.1password.json
INFO  2025-09-01T18:46:06.375+00:00 runtime-worker(ThreadId(3)) [1P:native-messaging/op-nm-installer/src/nix_utils.rs:68] Created NMH manifest at /home/<redacted-username>/.mozilla/native-messaging-hosts/com.1password.1password.json
INFO  2025-09-01T18:46:06.375+00:00 runtime-worker(ThreadId(3)) [1P:native-messaging/op-nm-installer/src/nix_utils.rs:83] Successfully installed all native messaging manifests.
INFO  2025-09-01T18:46:06.375+00:00 runtime-worker(ThreadId(3)) [1P:native-messaging/op-nm-installer/src/nix_utils.rs:68] Created NMH manifest at /home/<redacted-username>/.config/google-chrome/NativeMessagingHosts/com.1password.1password.json
INFO  2025-09-01T18:46:06.376+00:00 runtime-worker(ThreadId(3)) [1P:native-messaging/op-nm-installer/src/nix_utils.rs:68] Created NMH manifest at /home/<redacted-username>/.config/google-chrome-beta/NativeMessagingHosts/com.1password.1password.json
INFO  2025-09-01T18:46:06.376+00:00 runtime-worker(ThreadId(3)) [1P:native-messaging/op-nm-installer/src/nix_utils.rs:68] Created NMH manifest at /home/<redacted-username>/.config/google-chrome-unstable/NativeMessagingHosts/com.1password.1password.json
INFO  2025-09-01T18:46:06.376+00:00 runtime-worker(ThreadId(3)) [1P:native-messaging/op-nm-installer/src/nix_utils.rs:68] Created NMH manifest at /home/<redacted-username>/.config/chromium/NativeMessagingHosts/com.1password.1password.json
INFO  2025-09-01T18:46:06.376+00:00 runtime-worker(ThreadId(3)) [1P:native-messaging/op-nm-installer/src/nix_utils.rs:68] Created NMH manifest at /home/<redacted-username>/.config/microsoft-edge-dev/NativeMessagingHosts/com.1password.1password.json
INFO  2025-09-01T18:46:06.376+00:00 runtime-worker(ThreadId(3)) [1P:native-messaging/op-nm-installer/src/nix_utils.rs:68] Created NMH manifest at /home/<redacted-username>/.config/BraveSoftware/Brave-Browser/NativeMessagingHosts/com.1password.1password.json
INFO  2025-09-01T18:46:06.376+00:00 runtime-worker(ThreadId(3)) [1P:native-messaging/op-nm-installer/src/nix_utils.rs:68] Created NMH manifest at /home/<redacted-username>/.config/vivaldi/NativeMessagingHosts/com.1password.1password.json
INFO  2025-09-01T18:46:06.376+00:00 runtime-worker(ThreadId(3)) [1P:native-messaging/op-nm-installer/src/nix_utils.rs:68] Created NMH manifest at /home/<redacted-username>/.config/vivaldi-snapshot/NativeMessagingHosts/com.1password.1password.json
INFO  2025-09-01T18:46:06.376+00:00 runtime-worker(ThreadId(3)) [1P:native-messaging/op-nm-installer/src/nix_utils.rs:68] Created NMH manifest at /home/<redacted-username>/.mozilla/native-messaging-hosts/com.1password.1password.json
INFO  2025-09-01T18:46:06.376+00:00 runtime-worker(ThreadId(3)) [1P:native-messaging/op-nm-installer/src/nix_utils.rs:83] Successfully installed all native messaging manifests.
INFO  2025-09-01T18:46:06.376+00:00 runtime-worker(ThreadId(3)) [1P:native-messaging/op-nm-installer/src/nix_utils.rs:68] Created NMH manifest at /home/<redacted-username>/.config/google-chrome/NativeMessagingHosts/com.1password.1password.json
INFO  2025-09-01T18:46:06.376+00:00 runtime-worker(ThreadId(3)) [1P:native-messaging/op-nm-installer/src/nix_utils.rs:68] Created NMH manifest at /home/<redacted-username>/.config/google-chrome-beta/NativeMessagingHosts/com.1password.1password.json
INFO  2025-09-01T18:46:06.376+00:00 runtime-worker(ThreadId(3)) [1P:native-messaging/op-nm-installer/src/nix_utils.rs:68] Created NMH manifest at /home/<redacted-username>/.config/google-chrome-unstable/NativeMessagingHosts/com.1password.1password.json
INFO  2025-09-01T18:46:06.377+00:00 runtime-worker(ThreadId(3)) [1P:native-messaging/op-nm-installer/src/nix_utils.rs:68] Created NMH manifest at /home/<redacted-username>/.config/chromium/NativeMessagingHosts/com.1password.1password.json
INFO  2025-09-01T18:46:06.377+00:00 runtime-worker(ThreadId(3)) [1P:native-messaging/op-nm-installer/src/nix_utils.rs:68] Created NMH manifest at /home/<redacted-username>/.config/microsoft-edge-dev/NativeMessagingHosts/com.1password.1password.json
INFO  2025-09-01T18:46:06.377+00:00 runtime-worker(ThreadId(3)) [1P:native-messaging/op-nm-installer/src/nix_utils.rs:68] Created NMH manifest at /home/<redacted-username>/.config/BraveSoftware/Brave-Browser/NativeMessagingHosts/com.1password.1password.json
INFO  2025-09-01T18:46:06.377+00:00 runtime-worker(ThreadId(3)) [1P:native-messaging/op-nm-installer/src/nix_utils.rs:68] Created NMH manifest at /home/<redacted-username>/.config/vivaldi/NativeMessagingHosts/com.1password.1password.json
INFO  2025-09-01T18:46:06.377+00:00 runtime-worker(ThreadId(3)) [1P:native-messaging/op-nm-installer/src/nix_utils.rs:68] Created NMH manifest at /home/<redacted-username>/.config/vivaldi-snapshot/NativeMessagingHosts/com.1password.1password.json
INFO  2025-09-01T18:46:06.377+00:00 runtime-worker(ThreadId(3)) [1P:native-messaging/op-nm-installer/src/nix_utils.rs:68] Created NMH manifest at /home/<redacted-username>/.mozilla/native-messaging-hosts/com.1password.1password.json
INFO  2025-09-01T18:46:06.377+00:00 runtime-worker(ThreadId(3)) [1P:native-messaging/op-nm-installer/src/nix_utils.rs:83] Successfully installed all native messaging manifests.
INFO  2025-09-01T18:46:06.379+00:00 ThreadId(1) [client:typescript] Settings file changed.
INFO  2025-09-01T18:46:06.380+00:00 ThreadId(1) [client:typescript] Settings file changed.
INFO  2025-09-01T18:46:06.575+00:00 runtime-worker(ThreadId(16)) [1P:data/ext/op-account-ext-syncer/src/lib.rs:254] The B5 Notifier for (HERUZQCGDBDPHLCWSETRGIQCTI) has connected, now monitoring for events.
INFO  2025-09-01T18:46:06.585+00:00 runtime-worker(ThreadId(88)) [1P:app/op-app/src/app/backend/quick_access.rs:186] Getting suggestions for quick access
INFO  2025-09-01T18:46:06.596+00:00 runtime-worker(ThreadId(89)) [1P:app/op-app/src/app/backend/quick_access.rs:186] Getting suggestions for quick access
INFO  2025-09-01T18:46:06.605+00:00 runtime-worker(ThreadId(13)) [1P:app/op-app/src/app/backend/unlock.rs:219] Processing unlocked account HERUZQCGDBDPHLCWSETRGIQCTI
INFO  2025-09-01T18:46:06.990+00:00 runtime-worker(ThreadId(13)) [1P:app/op-app/src/app/backend/unlock.rs:342] Auto-lock duration recieved one-time update
INFO  2025-09-01T18:46:06.990+00:00 runtime-worker(ThreadId(16)) [1P:op-settings/src/store/json_store.rs:75] Settings file created @ 2025-09-01 18:46:06.371951589 UTC and last modified @ 2025-09-01 18:46:06.372951576 UTC
INFO  2025-09-01T18:46:06.990+00:00 runtime-worker(ThreadId(13)) [1P:op-settings/src/store/json_store.rs:75] Settings file created @ 2025-09-01 18:46:06.371951589 UTC and last modified @ 2025-09-01 18:46:06.989943728 UTC
INFO  2025-09-01T18:46:06.995+00:00 runtime-worker(ThreadId(88)) [1P:app/op-app/src/app/backend/quick_access.rs:186] Getting suggestions for quick access
WARN  2025-09-01T18:46:07.172+00:00 ThreadId(83) [1P:model/op-model-item/src/json.rs:1606] invalid time value for PasswordHistory item
WARN  2025-09-01T18:46:07.172+00:00 ThreadId(83) [1P:model/op-model-item/src/json.rs:791] unable to load invalid PasswordHistory object data
WARN  2025-09-01T18:46:07.172+00:00 ThreadId(83) [1P:model/op-model-item/src/json.rs:1606] invalid time value for PasswordHistory item
WARN  2025-09-01T18:46:07.172+00:00 ThreadId(83) [1P:model/op-model-item/src/json.rs:791] unable to load invalid PasswordHistory object data
WARN  2025-09-01T18:46:07.739+00:00 ThreadId(85) [1P:model/op-model-item/src/json.rs:1606] invalid time value for PasswordHistory item
WARN  2025-09-01T18:46:07.739+00:00 ThreadId(85) [1P:model/op-model-item/src/json.rs:791] unable to load invalid PasswordHistory object data
WARN  2025-09-01T18:46:07.739+00:00 ThreadId(85) [1P:model/op-model-item/src/json.rs:1606] invalid time value for PasswordHistory item
WARN  2025-09-01T18:46:07.739+00:00 ThreadId(85) [1P:model/op-model-item/src/json.rs:791] unable to load invalid PasswordHistory object data
WARN  2025-09-01T18:46:07.740+00:00 ThreadId(77) [1P:model/op-model-item/src/json.rs:1606] invalid time value for PasswordHistory item
WARN  2025-09-01T18:46:07.741+00:00 ThreadId(77) [1P:model/op-model-item/src/json.rs:791] unable to load invalid PasswordHistory object data
WARN  2025-09-01T18:46:07.741+00:00 ThreadId(77) [1P:model/op-model-item/src/json.rs:1606] invalid time value for PasswordHistory item
WARN  2025-09-01T18:46:07.741+00:00 ThreadId(77) [1P:model/op-model-item/src/json.rs:791] unable to load invalid PasswordHistory object data
WARN  2025-09-01T18:46:07.741+00:00 ThreadId(77) [1P:model/op-model-item/src/json.rs:1606] invalid time value for PasswordHistory item
WARN  2025-09-01T18:46:07.741+00:00 ThreadId(77) [1P:model/op-model-item/src/json.rs:791] unable to load invalid PasswordHistory object data
WARN  2025-09-01T18:46:07.741+00:00 ThreadId(77) [1P:model/op-model-item/src/json.rs:1606] invalid time value for PasswordHistory item
WARN  2025-09-01T18:46:07.741+00:00 ThreadId(77) [1P:model/op-model-item/src/json.rs:791] unable to load invalid PasswordHistory object data
ERROR 2025-09-01T18:46:08.225+00:00 runtime-worker(ThreadId(11)) [1P:data/op-syncer/src/system_vault.rs:37] Error creating system vault for account (HERUZQCGDBDPHLCWSETRGIQCTI): FetchDataError(FetchError(<unknown reason>, code: HttpStatus(400), Session ID: Some(Session ID: EU52KIIRUVH5HJR4D5TQ2O3NHY)))
INFO  2025-09-01T18:46:08.226+00:00 runtime-worker(ThreadId(11)) [1P:data/op-syncer/src/sync_job.rs:454] synced account HERUZQCGDBDPHLCWSETRGIQCTI (1.7558221349999998s)
INFO  2025-09-01T18:46:08.226+00:00 runtime-worker(ThreadId(11)) [1P:service/op-service-sync/src/lib.rs:169] shutting down refresher task
INFO  2025-09-01T18:46:08.226+00:00 runtime-worker(ThreadId(16)) [1P:op-file-transfer/src/lib.rs:729] find_and_complete_pending_uploads: 'HERUZQCGDBDPHLCWSETRGIQCTI'
ERROR 2025-09-01T18:46:08.226+00:00 runtime-worker(ThreadId(12)) [1P:/builds/dev/core/core/op-file-transfer/src/legacy.rs:44] failed to read files dir: Os { code: 2, kind: NotFound, message: "No such file or directory" }
INFO  2025-09-01T18:46:08.235+00:00 runtime-worker(ThreadId(89)) [1P:app/op-app/src/app/backend/quick_access.rs:186] Getting suggestions for quick access
ERROR 2025-09-01T18:46:08.417+00:00 runtime-worker(ThreadId(16)) [1P:data/op-syncer/src/system_vault.rs:37] Error creating system vault for account (HERUZQCGDBDPHLCWSETRGIQCTI): FetchDataError(FetchError(<unknown reason>, code: HttpStatus(400), Session ID: Some(Session ID: EU52KIIRUVH5HJR4D5TQ2O3NHY)))
INFO  2025-09-01T18:46:08.418+00:00 runtime-worker(ThreadId(16)) [1P:data/op-syncer/src/sync_job.rs:454] synced account HERUZQCGDBDPHLCWSETRGIQCTI (0.090787437s)
INFO  2025-09-01T18:46:08.423+00:00 runtime-worker(ThreadId(98)) [1P:app/op-app/src/app/backend/quick_access.rs:186] Getting suggestions for quick access
INFO  2025-09-01T18:46:11.812+00:00 runtime-worker(ThreadId(11)) [1P:op-settings/src/store/json_store.rs:75] Settings file created @ 2025-09-01 18:46:06.371951589 UTC and last modified @ 2025-09-01 18:46:06.989943728 UTC
INFO  2025-09-01T18:46:11.813+00:00 runtime-worker(ThreadId(14)) [1P:op-settings/src/store/json_store.rs:75] Settings file created @ 2025-09-01 18:46:06.371951589 UTC and last modified @ 2025-09-01 18:46:11.811882399 UTC
INFO  2025-09-01T18:46:11.813+00:00 ThreadId(1) [client:typescript] Settings file changed.
ERROR 2025-09-01T18:46:11.814+00:00 runtime-worker(ThreadId(11)) [1P:op-auto-lock/src/lib.rs:160] failed to discover supported autolock backend: DBus(MethodError(OwnedErrorName(ErrorName(Str(Owned("org.freedesktop.DBus.Error.ServiceUnknown")))), Some("The name is not activatable"), Msg { type: Error, sender: UniqueName(Str(Borrowed("org.freedesktop.DBus"))), reply-serial: 2, body: Signature("s") }))
INFO  2025-09-01T18:46:12.797+00:00 runtime-worker(ThreadId(12)) [1P:data/op-account-system-unlock/src/lib.rs:806] Adding system unlock key. Verifying keysets can be decrypted.
INFO  2025-09-01T18:46:12.799+00:00 runtime-worker(ThreadId(12)) [1P:data/op-account-system-unlock/src/lib.rs:812] Adding system unlock key. Encrypting muk.
INFO  2025-09-01T18:46:12.800+00:00 ThreadId(22) [1P:data/op-account-system-unlock/src/lib.rs:818] Adding system unlock key. Updating account.
INFO  2025-09-01T18:46:15.414+00:00 runtime-worker(ThreadId(11)) [1P:app/op-app/src/app/backend/frontend.rs:22] Front end event: window closed
INFO  2025-09-01T18:46:15.462+00:00 runtime-worker(ThreadId(12)) [1P:native-messaging/op-native-core-integration/src/lib.rs:387] Extension connecting.
INFO  2025-09-01T19:35:26.133+00:00 runtime-worker(ThreadId(14)) [1P:app/op-app/src/app/backend/lock.rs:190] Lock state changed: Locked
WARN  2025-09-01T19:35:26.133+00:00 runtime-worker(ThreadId(16)) [1P:data/op-syncer/src/queue.rs:123] Syncer channel for versioned syncs hung up! Sync task will be shut down.
INFO  2025-09-01T19:35:26.133+00:00 runtime-worker(ThreadId(14)) [1P:app/op-app/src/app/backend/lock.rs:225] Locked. Reason: Automatic(DeviceLocked).
INFO  2025-09-01T19:35:26.133+00:00 runtime-worker(ThreadId(9)) [1P:app/op-app/src/app/backend/mycelium/task_management.rs:65] Received a Mycelium channel close request, ignoring request as no task is actively running
INFO  2025-09-01T19:56:45.564+00:00 runtime-worker(ThreadId(103)) [1P:foundation/op-system-auth/src/lib.rs:330] Biometry is available for 1 or more accounts
INFO  2025-09-01T19:56:51.194+00:00 runtime-worker(ThreadId(3)) [1P:/builds/dev/core/core/data/ext/op-account-ext-settings-authentication/src/lib.rs:242] loaded settings authentication key: aad660360431f56e
INFO  2025-09-01T19:56:51.202+00:00 runtime-worker(ThreadId(16)) [1P:data/ext/op-account-ext-items/src/lib.rs:270] loaded 944 items in 4 vaults for account: HERUZQCGDBDPHLCWSETRGIQCTI
INFO  2025-09-01T19:56:51.204+00:00 runtime-worker(ThreadId(3)) [1P:op-settings/src/store/policies.rs:122] Notifying settings changed due to b5 policies.
ERROR 2025-09-01T19:56:51.205+00:00 runtime-worker(ThreadId(16)) [1P:op-auto-lock/src/linux.rs:220] Could not connect to the X server: XcbEventError
INFO  2025-09-01T19:56:51.205+00:00 runtime-worker(ThreadId(16)) [1P:data/ext/op-account-ext-settings-authentication/src/lib.rs:323] exactly one existing key found (aad660360431f56e). Applying it to any new accounts
INFO  2025-09-01T19:56:51.205+00:00 runtime-worker(ThreadId(16)) [1P:op-settings/src/store/json_store.rs:787] initializing settings authentication with key aad660360431f56e
INFO  2025-09-01T19:56:51.205+00:00 runtime-worker(ThreadId(16)) [1P:app/op-app/src/app/backend/unlock.rs:190] Lock state changed: Unlocked
INFO  2025-09-01T19:56:51.205+00:00 runtime-worker(ThreadId(16)) [1P:app/op-app/src/app/backend/essential_setup.rs:190] SLS Migration Result: NotRequired
INFO  2025-09-01T19:56:51.205+00:00 ThreadId(1) [client:typescript] Settings file changed.
INFO  2025-09-01T19:56:51.422+00:00 runtime-worker(ThreadId(106)) [1P:app/op-app/src/app/backend/quick_access.rs:186] Getting suggestions for quick access
INFO  2025-09-01T19:56:51.433+00:00 runtime-worker(ThreadId(11)) [1P:app/op-app/src/app/backend/unlock.rs:219] Processing unlocked account HERUZQCGDBDPHLCWSETRGIQCTI
INFO  2025-09-01T19:56:51.435+00:00 runtime-worker(ThreadId(105)) [1P:app/op-app/src/app/backend/quick_access.rs:186] Getting suggestions for quick access
INFO  2025-09-01T19:56:51.823+00:00 runtime-worker(ThreadId(9)) [1P:op-b5-client/src/internal/unauthorized_session/auth_flow.rs:992] Skipping MFA because server did not return MFA config
ERROR 2025-09-01T19:56:52.189+00:00 runtime-worker(ThreadId(11)) [1P:data/op-syncer/src/system_vault.rs:37] Error creating system vault for account (HERUZQCGDBDPHLCWSETRGIQCTI): FetchDataError(FetchError(<unknown reason>, code: HttpStatus(400), Session ID: Some(Session ID: W5IIU4TLQZBLDONRK7RGAIWMJI)))
INFO  2025-09-01T19:56:52.189+00:00 runtime-worker(ThreadId(11)) [1P:data/op-syncer/src/sync_job.rs:454] synced account HERUZQCGDBDPHLCWSETRGIQCTI (0.083036451s)
INFO  2025-09-01T19:56:52.190+00:00 runtime-worker(ThreadId(11)) [1P:op-file-transfer/src/lib.rs:729] find_and_complete_pending_uploads: 'HERUZQCGDBDPHLCWSETRGIQCTI'
ERROR 2025-09-01T19:56:52.190+00:00 runtime-worker(ThreadId(9)) [1P:/builds/dev/core/core/op-file-transfer/src/legacy.rs:44] failed to read files dir: Os { code: 2, kind: NotFound, message: "No such file or directory" }
INFO  2025-09-01T19:56:52.196+00:00 runtime-worker(ThreadId(107)) [1P:app/op-app/src/app/backend/quick_access.rs:186] Getting suggestions for quick access
INFO  2025-09-01T19:56:57.057+00:00 runtime-worker(ThreadId(9)) [1P:data/ext/op-account-ext-syncer/src/lib.rs:254] The B5 Notifier for (HERUZQCGDBDPHLCWSETRGIQCTI) has connected, now monitoring for events.
